<?xml version="1.0" encoding="UTF-8"?>
<!-- Generated by org.testng.reporters.JUnitXMLReporter -->
<testsuite hostname="LAPTOP-ABRF4IV4" ignored="0" name="Default test" tests="3" failures="0" timestamp="26 May 2021 14:54:06 GMT" time="1.503" errors="0">
  <testcase name="deleteCustomer" time="1.48" classname="testcases.DeleteCustomerTest"/>
  <testcase name="deleteCustomer" time="1.48" classname="testcases.DeleteCustomerTest"/>
  <testcase name="deleteCustomer" time="1.48" classname="testcases.DeleteCustomerTest"/>
</testsuite> <!-- Default test -->
