<?xml version="1.0" encoding="UTF-8"?>
<testsuite xmlns:xsi="http://www.w3.org/2001/XMLSchema-instance" xsi:noNamespaceSchemaLocation="https://maven.apache.org/surefire/maven-surefire-plugin/xsd/surefire-test-report.xsd" name="TestSuite" time="6.236" tests="8" errors="0" skipped="0" failures="5">
  <properties>
[...]
</properties>
  <testcase name="validateCreateCustomerAPIWithInValidSecretKey" classname="testcases.CreateCustomerTest" time="1.966">
    <failure message="expected [200] but found [401]" type="java.lang.AssertionError">java.lang.AssertionError: expected [200] but found [401]
	at testcases.CreateCustomerTest.validateCreateCustomerAPIWithInValidSecretKey(CreateCustomerTest.java:39)
</failure>
    <system-out><![CDATA[Total rows are : 16
Test name is : validateCreateCustomerAPIWithInValidSecretKey
Test case starts from row num: 7
Total rows of data are : 1
Total cols are : 3
{
    "error": {
        "message": "Invalid API Key provided: sk_test_***********************N123",
        "type": "invalid_request_error"
    }
}
401
]]></system-out>
  </testcase>
  <testcase name="validateCreateCustomerAPIWithValidSecretKey" classname="testcases.CreateCustomerTest" time="1.365"/>
  <testcase name="validateCreateCustomerAPIWithValidSecretKey" classname="testcases.CreateCustomerTest" time="1.365"/>
  <testcase name="validateCreateCustomerAPIWithValidSecretKey" classname="testcases.CreateCustomerTest" time="1.365"/>
  <testcase name="deleteCustomer" classname="testcases.DeleteCustomerTest" time="1.35">
    <failure message="expected [true] but found [false]" type="java.lang.AssertionError">java.lang.AssertionError: expected [true] but found [false]
	at testcases.DeleteCustomerTest.deleteCustomer(DeleteCustomerTest.java:36)
</failure>
    <system-out><![CDATA[Total rows are : 16
Test name is : deleteCustomer
Test case starts from row num: 11
Total rows of data are : 4
Total cols are : 1
{
    "error": {
        "code": "resource_missing",
        "doc_url": "https://stripe.com/docs/error-codes/resource-missing",
        "message": "No such customer: 'cus_JYTCXJTxlWDbv6'",
        "param": "id",
        "type": "invalid_request_error"
    }
}
{
    "error": {
        "code": "resource_missing",
        "doc_url": "https://stripe.com/docs/error-codes/resource-missing",
        "message": "No such customer: 'cus_JYT7Uo5CrRPPA5'",
        "param": "id",
        "type": "invalid_request_error"
    }
}
{
    "error": {
        "code": "resource_missing",
        "doc_url": "https://stripe.com/docs/error-codes/resource-missing",
        "message": "No such customer: 'cus_JYT75W0q60E5QE'",
        "param": "id",
        "type": "invalid_request_error"
    }
}
404
404
404
]]></system-out>
  </testcase>
  <testcase name="deleteCustomer" classname="testcases.DeleteCustomerTest" time="1.35">
    <failure message="expected [true] but found [false]" type="java.lang.AssertionError">java.lang.AssertionError: expected [true] but found [false]
	at testcases.DeleteCustomerTest.deleteCustomer(DeleteCustomerTest.java:36)
</failure>
  </testcase>
  <testcase name="deleteCustomer" classname="testcases.DeleteCustomerTest" time="1.35">
    <failure message="expected [true] but found [false]" type="java.lang.AssertionError">java.lang.AssertionError: expected [true] but found [false]
	at testcases.DeleteCustomerTest.deleteCustomer(DeleteCustomerTest.java:36)
</failure>
  </testcase>
  <testcase name="deleteCustomer" classname="testcases.DeleteCustomerTest" time="1.394">
    <failure message="expected [true] but found [false]" type="java.lang.AssertionError">java.lang.AssertionError: expected [true] but found [false]
	at testcases.DeleteCustomerTest.deleteCustomer(DeleteCustomerTest.java:36)
</failure>
    <system-out><![CDATA[{
    "error": {
        "code": "resource_missing",
        "doc_url": "https://stripe.com/docs/error-codes/resource-missing",
        "message": "No such customer: 'cus_JYTCnsRN5X6930'",
        "param": "id",
        "type": "invalid_request_error"
    }
}
404
]]></system-out>
  </testcase>
</testsuite>